{"total": {"lines":{"total":331,"covered":173,"skipped":0,"pct":52.27},"statements":{"total":372,"covered":191,"skipped":0,"pct":51.34},"functions":{"total":109,"covered":50,"skipped":0,"pct":45.87},"branches":{"total":121,"covered":39,"skipped":0,"pct":32.23}}
,"/home/gabriel/sd-012-project-recipes-app/src/App.js": {"lines":{"total":3,"covered":1,"skipped":0,"pct":33.33},"functions":{"total":3,"covered":1,"skipped":0,"pct":33.33},"statements":{"total":3,"covered":1,"skipped":0,"pct":33.33},"branches":{"total":0,"covered":0,"skipped":0,"pct":100}}
,"/home/gabriel/sd-012-project-recipes-app/src/API/fetchCategoryAPI.js": {"lines":{"total":0,"covered":0,"skipped":0,"pct":100},"functions":{"total":0,"covered":0,"skipped":0,"pct":100},"statements":{"total":0,"covered":0,"skipped":0,"pct":100},"branches":{"total":0,"covered":0,"skipped":0,"pct":100}}
,"/home/gabriel/sd-012-project-recipes-app/src/API/fetchDrinksAPI.js": {"lines":{"total":14,"covered":1,"skipped":0,"pct":7.14},"functions":{"total":1,"covered":0,"skipped":0,"pct":0},"statements":{"total":14,"covered":1,"skipped":0,"pct":7.14},"branches":{"total":6,"covered":0,"skipped":0,"pct":0}}
,"/home/gabriel/sd-012-project-recipes-app/src/API/fetchFoodAPI.js": {"lines":{"total":14,"covered":1,"skipped":0,"pct":7.14},"functions":{"total":1,"covered":0,"skipped":0,"pct":0},"statements":{"total":14,"covered":1,"skipped":0,"pct":7.14},"branches":{"total":6,"covered":0,"skipped":0,"pct":0}}
,"/home/gabriel/sd-012-project-recipes-app/src/components/CategoryDrinkButtons.jsx": {"lines":{"total":9,"covered":8,"skipped":0,"pct":88.89},"functions":{"total":4,"covered":3,"skipped":0,"pct":75},"statements":{"total":9,"covered":8,"skipped":0,"pct":88.89},"branches":{"total":4,"covered":1,"skipped":0,"pct":25}}
,"/home/gabriel/sd-012-project-recipes-app/src/components/CategoryFoodButtons.jsx": {"lines":{"total":7,"covered":6,"skipped":0,"pct":85.71},"functions":{"total":4,"covered":3,"skipped":0,"pct":75},"statements":{"total":8,"covered":7,"skipped":0,"pct":87.5},"branches":{"total":4,"covered":1,"skipped":0,"pct":25}}
,"/home/gabriel/sd-012-project-recipes-app/src/components/DrinksCard.js": {"lines":{"total":9,"covered":8,"skipped":0,"pct":88.89},"functions":{"total":5,"covered":4,"skipped":0,"pct":80},"statements":{"total":12,"covered":10,"skipped":0,"pct":83.33},"branches":{"total":6,"covered":2,"skipped":0,"pct":33.33}}
,"/home/gabriel/sd-012-project-recipes-app/src/components/FoodsCard.jsx": {"lines":{"total":9,"covered":8,"skipped":0,"pct":88.89},"functions":{"total":5,"covered":4,"skipped":0,"pct":80},"statements":{"total":12,"covered":11,"skipped":0,"pct":91.67},"branches":{"total":6,"covered":3,"skipped":0,"pct":50}}
,"/home/gabriel/sd-012-project-recipes-app/src/components/Footer.jsx": {"lines":{"total":4,"covered":4,"skipped":0,"pct":100},"functions":{"total":2,"covered":2,"skipped":0,"pct":100},"statements":{"total":4,"covered":4,"skipped":0,"pct":100},"branches":{"total":0,"covered":0,"skipped":0,"pct":100}}
,"/home/gabriel/sd-012-project-recipes-app/src/components/Header.jsx": {"lines":{"total":5,"covered":4,"skipped":0,"pct":80},"functions":{"total":3,"covered":1,"skipped":0,"pct":33.33},"statements":{"total":6,"covered":4,"skipped":0,"pct":66.67},"branches":{"total":2,"covered":1,"skipped":0,"pct":50}}
,"/home/gabriel/sd-012-project-recipes-app/src/components/Input.js": {"lines":{"total":3,"covered":3,"skipped":0,"pct":100},"functions":{"total":1,"covered":1,"skipped":0,"pct":100},"statements":{"total":3,"covered":3,"skipped":0,"pct":100},"branches":{"total":0,"covered":0,"skipped":0,"pct":100}}
,"/home/gabriel/sd-012-project-recipes-app/src/components/ItemCard.jsx": {"lines":{"total":3,"covered":1,"skipped":0,"pct":33.33},"functions":{"total":1,"covered":0,"skipped":0,"pct":0},"statements":{"total":3,"covered":1,"skipped":0,"pct":33.33},"branches":{"total":0,"covered":0,"skipped":0,"pct":100}}
,"/home/gabriel/sd-012-project-recipes-app/src/components/SearchBar.jsx": {"lines":{"total":23,"covered":0,"skipped":0,"pct":0},"functions":{"total":6,"covered":0,"skipped":0,"pct":0},"statements":{"total":23,"covered":0,"skipped":0,"pct":0},"branches":{"total":8,"covered":0,"skipped":0,"pct":0}}
,"/home/gabriel/sd-012-project-recipes-app/src/helpers/renderWithReduxAndRouter.js": {"lines":{"total":2,"covered":2,"skipped":0,"pct":100},"functions":{"total":1,"covered":1,"skipped":0,"pct":100},"statements":{"total":2,"covered":2,"skipped":0,"pct":100},"branches":{"total":6,"covered":6,"skipped":0,"pct":100}}
,"/home/gabriel/sd-012-project-recipes-app/src/helpers/useLocalStorage.js": {"lines":{"total":14,"covered":7,"skipped":0,"pct":50},"functions":{"total":3,"covered":2,"skipped":0,"pct":66.67},"statements":{"total":14,"covered":7,"skipped":0,"pct":50},"branches":{"total":4,"covered":1,"skipped":0,"pct":25}}
,"/home/gabriel/sd-012-project-recipes-app/src/pages/Drinks.jsx": {"lines":{"total":15,"covered":9,"skipped":0,"pct":60},"functions":{"total":5,"covered":3,"skipped":0,"pct":60},"statements":{"total":16,"covered":10,"skipped":0,"pct":62.5},"branches":{"total":10,"covered":3,"skipped":0,"pct":30}}
,"/home/gabriel/sd-012-project-recipes-app/src/pages/Foods.jsx": {"lines":{"total":15,"covered":9,"skipped":0,"pct":60},"functions":{"total":5,"covered":3,"skipped":0,"pct":60},"statements":{"total":16,"covered":10,"skipped":0,"pct":62.5},"branches":{"total":10,"covered":3,"skipped":0,"pct":30}}
,"/home/gabriel/sd-012-project-recipes-app/src/pages/Login.js": {"lines":{"total":30,"covered":20,"skipped":0,"pct":66.67},"functions":{"total":7,"covered":5,"skipped":0,"pct":71.43},"statements":{"total":31,"covered":21,"skipped":0,"pct":67.74},"branches":{"total":4,"covered":4,"skipped":0,"pct":100}}
,"/home/gabriel/sd-012-project-recipes-app/src/pages/Profile.jsx": {"lines":{"total":1,"covered":0,"skipped":0,"pct":0},"functions":{"total":1,"covered":0,"skipped":0,"pct":0},"statements":{"total":1,"covered":0,"skipped":0,"pct":0},"branches":{"total":0,"covered":0,"skipped":0,"pct":100}}
,"/home/gabriel/sd-012-project-recipes-app/src/pages/RecipesMade.jsx": {"lines":{"total":1,"covered":0,"skipped":0,"pct":0},"functions":{"total":1,"covered":0,"skipped":0,"pct":0},"statements":{"total":1,"covered":0,"skipped":0,"pct":0},"branches":{"total":0,"covered":0,"skipped":0,"pct":100}}
,"/home/gabriel/sd-012-project-recipes-app/src/pages/favoriteRecipes.jsx": {"lines":{"total":1,"covered":0,"skipped":0,"pct":0},"functions":{"total":1,"covered":0,"skipped":0,"pct":0},"statements":{"total":1,"covered":0,"skipped":0,"pct":0},"branches":{"total":0,"covered":0,"skipped":0,"pct":100}}
,"/home/gabriel/sd-012-project-recipes-app/src/pages/details/DrinkDetails.jsx": {"lines":{"total":1,"covered":0,"skipped":0,"pct":0},"functions":{"total":1,"covered":0,"skipped":0,"pct":0},"statements":{"total":1,"covered":0,"skipped":0,"pct":0},"branches":{"total":0,"covered":0,"skipped":0,"pct":100}}
,"/home/gabriel/sd-012-project-recipes-app/src/pages/details/FoodDetails.jsx": {"lines":{"total":1,"covered":0,"skipped":0,"pct":0},"functions":{"total":1,"covered":0,"skipped":0,"pct":0},"statements":{"total":1,"covered":0,"skipped":0,"pct":0},"branches":{"total":0,"covered":0,"skipped":0,"pct":100}}
,"/home/gabriel/sd-012-project-recipes-app/src/pages/explore-pages/Explore.jsx": {"lines":{"total":1,"covered":0,"skipped":0,"pct":0},"functions":{"total":1,"covered":0,"skipped":0,"pct":0},"statements":{"total":1,"covered":0,"skipped":0,"pct":0},"branches":{"total":0,"covered":0,"skipped":0,"pct":100}}
,"/home/gabriel/sd-012-project-recipes-app/src/pages/explore-pages/ExploreDrinkIngredient.jsx": {"lines":{"total":1,"covered":0,"skipped":0,"pct":0},"functions":{"total":1,"covered":0,"skipped":0,"pct":0},"statements":{"total":1,"covered":0,"skipped":0,"pct":0},"branches":{"total":0,"covered":0,"skipped":0,"pct":100}}
,"/home/gabriel/sd-012-project-recipes-app/src/pages/explore-pages/ExploreDrinks.jsx": {"lines":{"total":1,"covered":0,"skipped":0,"pct":0},"functions":{"total":1,"covered":0,"skipped":0,"pct":0},"statements":{"total":1,"covered":0,"skipped":0,"pct":0},"branches":{"total":0,"covered":0,"skipped":0,"pct":100}}
,"/home/gabriel/sd-012-project-recipes-app/src/pages/explore-pages/ExploreFoods.jsx": {"lines":{"total":1,"covered":0,"skipped":0,"pct":0},"functions":{"total":1,"covered":0,"skipped":0,"pct":0},"statements":{"total":1,"covered":0,"skipped":0,"pct":0},"branches":{"total":0,"covered":0,"skipped":0,"pct":100}}
,"/home/gabriel/sd-012-project-recipes-app/src/pages/explore-pages/ExploreIngredients.jsx": {"lines":{"total":1,"covered":0,"skipped":0,"pct":0},"functions":{"total":1,"covered":0,"skipped":0,"pct":0},"statements":{"total":1,"covered":0,"skipped":0,"pct":0},"branches":{"total":0,"covered":0,"skipped":0,"pct":100}}
,"/home/gabriel/sd-012-project-recipes-app/src/pages/explore-pages/ExploreOrigin.jsx": {"lines":{"total":1,"covered":0,"skipped":0,"pct":0},"functions":{"total":1,"covered":0,"skipped":0,"pct":0},"statements":{"total":1,"covered":0,"skipped":0,"pct":0},"branches":{"total":0,"covered":0,"skipped":0,"pct":100}}
,"/home/gabriel/sd-012-project-recipes-app/src/redux/actions/actionTypes.js": {"lines":{"total":23,"covered":23,"skipped":0,"pct":100},"functions":{"total":0,"covered":0,"skipped":0,"pct":100},"statements":{"total":23,"covered":23,"skipped":0,"pct":100},"branches":{"total":0,"covered":0,"skipped":0,"pct":100}}
,"/home/gabriel/sd-012-project-recipes-app/src/redux/actions/mainActions.js": {"lines":{"total":90,"covered":42,"skipped":0,"pct":46.67},"functions":{"total":37,"covered":13,"skipped":0,"pct":35.14},"statements":{"total":120,"covered":51,"skipped":0,"pct":42.5},"branches":{"total":12,"covered":0,"skipped":0,"pct":0}}
,"/home/gabriel/sd-012-project-recipes-app/src/redux/reducers/loginReducer.js": {"lines":{"total":5,"covered":4,"skipped":0,"pct":80},"functions":{"total":1,"covered":1,"skipped":0,"pct":100},"statements":{"total":5,"covered":4,"skipped":0,"pct":80},"branches":{"total":3,"covered":2,"skipped":0,"pct":66.67}}
,"/home/gabriel/sd-012-project-recipes-app/src/redux/reducers/recipesReducer.js": {"lines":{"total":19,"covered":11,"skipped":0,"pct":57.89},"functions":{"total":3,"covered":3,"skipped":0,"pct":100},"statements":{"total":19,"covered":11,"skipped":0,"pct":57.89},"branches":{"total":28,"covered":12,"skipped":0,"pct":42.86}}
,"/home/gabriel/sd-012-project-recipes-app/src/redux/reducers/rootReducer.js": {"lines":{"total":1,"covered":1,"skipped":0,"pct":100},"functions":{"total":0,"covered":0,"skipped":0,"pct":100},"statements":{"total":1,"covered":1,"skipped":0,"pct":100},"branches":{"total":0,"covered":0,"skipped":0,"pct":100}}
,"/home/gabriel/sd-012-project-recipes-app/src/redux/store/store.js": {"lines":{"total":3,"covered":0,"skipped":0,"pct":0},"functions":{"total":0,"covered":0,"skipped":0,"pct":100},"statements":{"total":3,"covered":0,"skipped":0,"pct":0},"branches":{"total":2,"covered":0,"skipped":0,"pct":0}}
}
